<?xml version="1.0" encoding="UTF-8"?>
<testng-results skipped="0" failed="0" total="1" passed="1">
  <reporter-output>
  </reporter-output>
  <suite name="Default suite" duration-ms="12951" started-at="2017-04-09T04:29:12Z" finished-at="2017-04-09T04:29:25Z">
    <groups>
    </groups>
    <test name="Default test" duration-ms="12951" started-at="2017-04-09T04:29:12Z" finished-at="2017-04-09T04:29:25Z">
      <class name="dealDetails.Entry">
        <test-method status="PASS" signature="testEntry()[pri:0, instance:dealDetails.Entry@17c7260]" name="testEntry" duration-ms="12921" started-at="2017-04-09T09:59:12Z" finished-at="2017-04-09T09:59:25Z">
          <reporter-output>
          </reporter-output>
        </test-method> <!-- testEntry -->
      </class> <!-- dealDetails.Entry -->
    </test> <!-- Default test -->
  </suite> <!-- Default suite -->
</testng-results>
